<?xml version="1.0" encoding="UTF-8"?>
<testsuite xmlns:xsi="http://www.w3.org/2001/XMLSchema-instance" xsi:noNamespaceSchemaLocation="https://maven.apache.org/surefire/maven-surefire-plugin/xsd/surefire-test-report.xsd" name="runner.TestRunner" time="113.745" tests="12" errors="0" skipped="3" failures="0">
  <properties>
[...]
</properties>
  <testcase name="Given Open browser and start MHO" classname="Scenario: Enter turn module" time="0.003"/>
  <testcase name="When I Sign in Application" classname="Scenario: Enter turn module" time="0"/>
  <testcase name="And User Should be able to login succesfully" classname="Scenario: Enter turn module" time="0"/>
  <testcase name="And I enter Administrative Management" classname="Scenario: Enter turn module" time="0.007"/>
  <testcase name="And I enter Module Turn" classname="Scenario: Enter turn module" time="0"/>
  <testcase name="Then The module turn open succesfully" classname="Scenario: Enter turn module" time="0"/>
  <testcase name="Scenario: Enter turn module" classname="Scenario: Enter turn module" time="2.134"/>
  <testcase name="Given Open browser and start MHO" classname="Scenario: Login MHO" time="0"/>
  <testcase name="When I enter a valid &quot;jpizarro&quot; and valid &quot;aaa&quot;" classname="Scenario: Login MHO" time="0">
    <skipped/>
  </testcase>
  <testcase name="Then User Should be able to login succesfully" classname="Scenario: Login MHO" time="0">
    <skipped/>
  </testcase>
  <testcase name="Scenario: Login MHO" classname="Scenario: Login MHO" time="0">
    <skipped/>
  </testcase>
  <testcase name="Scenario: Login MHO" classname="Scenario: Login MHO" time="1.1"/>
</testsuite>